<?xml version="1.0" encoding="UTF-8"?>
<!-- Generated by org.testng.reporters.JUnitReportReporter -->
<testsuite hostname="SW00CJ02" failures="0" tests="1" name="testCases.TC002_LoginTest" time="1.048" errors="0" timestamp="2024-09-22T01:09:19 IST" skipped="0">
  <testcase classname="testCases.TC002_LoginTest" name="verify_login" time="1.048"/>
</testsuite> <!-- testCases.TC002_LoginTest -->
